{
  "stats": {
    "suites": 1,
    "tests": 2,
    "passes": 2,
    "pending": 0,
    "failures": 0,
    "testsRegistered": 2,
    "passPercent": 100,
    "pendingPercent": 0,
    "other": 0,
    "hasOther": false,
    "skipped": 0,
    "hasSkipped": false,
    "start": "2025-09-18T04:35:18.616Z",
    "end": "2025-09-18T04:35:37.833Z",
    "duration": 19217
  },
  "results": [
    {
      "uuid": "2f29340e-e38c-4477-8281-06b0b7133674",
      "title": "",
      "fullFile": "cypress\\e2e\\login-test.cy.js",
      "file": "cypress\\e2e\\login-test.cy.js",
      "beforeHooks": [],
      "afterHooks": [],
      "tests": [],
      "suites": [
        {
          "uuid": "48e5c914-8139-4202-acfd-6fb3b0f0a7ee",
          "title": "OrangeHRM Login",
          "fullFile": "",
          "file": "",
          "beforeHooks": [],
          "afterHooks": [],
          "tests": [
            {
              "title": "should login with custom command",
              "fullTitle": "OrangeHRM Login should login with custom command",
              "timedOut": null,
              "duration": 8325,
              "state": "passed",
              "speed": "medium",
              "pass": true,
              "fail": false,
              "pending": false,
              "context": null,
              "code": "cy.login('Admin', 'admin123');\ncy.url().should('include', '/dashboard');",
              "err": {},
              "uuid": "04000234-742a-42e8-9fd6-fe48120fbcf1",
              "parentUUID": "48e5c914-8139-4202-acfd-6fb3b0f0a7ee",
              "isHook": false,
              "skipped": false
            }
          ],
          "suites": [],
          "passes": [
            "04000234-742a-42e8-9fd6-fe48120fbcf1"
          ],
          "failures": [],
          "pending": [],
          "skipped": [],
          "duration": 8325,
          "root": false,
          "rootEmpty": false,
          "_timeout": 2000
        },
        {
          "uuid": "fa0b26d8-8a23-4400-afc2-e2e2929f9a45",
          "title": "OrangeHRM Login with Fixture",
          "fullFile": "",
          "file": "",
          "beforeHooks": [],
          "afterHooks": [],
          "tests": [
            {
              "title": "should login using fixture data",
              "fullTitle": "OrangeHRM Login with Fixture should login using fixture data",
              "timedOut": null,
              "duration": 4668,
              "state": "passed",
              "speed": "fast",
              "pass": true,
              "fail": false,
              "pending": false,
              "context": null,
              "code": "cy.visit('https://opensource-demo.orangehrmlive.com/web/index.php/auth/login');\n// This will use the overwritten type command and show console logs\ncy.fixture('user').then(userData => {\n  cy.get('input[name=\"username\"]').type(userData.username);\n  // Console: \"Typing: 'Admin'\"\n  cy.get('input[name=\"password\"]').type(userData.password);\n  // Console: \"Typing: 'admin123'\"\n});\ncy.get('button[type=\"submit\"]').click();\n// Verify successful login\ncy.url().should('include', '/dashboard');\ncy.get('.oxd-topbar-header-title').should('contain', 'Dashboard');",
              "err": {},
              "uuid": "a98e750f-c5aa-4570-9c3b-ac567d622bdd",
              "parentUUID": "fa0b26d8-8a23-4400-afc2-e2e2929f9a45",
              "isHook": false,
              "skipped": false
            }
          ],
          "suites": [],
          "passes": [
            "a98e750f-c5aa-4570-9c3b-ac567d622bdd"
          ],
          "failures": [],
          "pending": [],
          "skipped": [],
          "duration": 4668,
          "root": false,
          "rootEmpty": false,
          "_timeout": 2000
        }
      ],
      "passes": [],
      "failures": [],
      "pending": [],
      "skipped": [],
      "duration": 0,
      "root": true,
      "rootEmpty": true,
      "_timeout": 2000
    }
  ],
  "meta": {
    "mocha": {
      "version": "7.2.0"
    },
    "mochawesome": {
      "options": {
        "quiet": false,
        "reportFilename": "mochawesome",
        "saveHtml": false,
        "saveJson": true,
        "consoleReporter": "spec",
        "useInlineDiffs": false,
        "code": true
      },
      "version": "7.1.4"
    },
    "marge": {
      "options": {
        "reportDir": "cypress\\reports\\.jsons",
        "overwrite": false,
        "html": false,
        "json": true,
        "saveJson": true,
        "charts": true,
        "reportPageTitle": "OrangeHRM Test Report",
        "embeddedScreenshots": true,
        "inlineAssets": true,
        "saveAllAttempts": false,
        "autoOpen": false
      },
      "version": "6.3.0"
    }
  }
}